  ConsoleApplication2.cpp
C:\Users\Bucyk\source\repos\ConsoleApplication2\ConsoleApplication2\ConsoleApplication2.cpp(54,13): error C4235: użyto niestandardowego rozszerzenia: słowo kluczowe „__asm” nie jest obsługiwane w tej architekturze
C:\Users\Bucyk\source\repos\ConsoleApplication2\ConsoleApplication2\ConsoleApplication2.cpp(55,17): error C2065: "mov": niezadeklarowany identyfikator
C:\Users\Bucyk\source\repos\ConsoleApplication2\ConsoleApplication2\ConsoleApplication2.cpp(55,21): error C2146: błąd składniowy: brakuje „;” przed identyfikatorem „eax”
C:\Users\Bucyk\source\repos\ConsoleApplication2\ConsoleApplication2\ConsoleApplication2.cpp(55,21): error C2065: "eax": niezadeklarowany identyfikator
C:\Users\Bucyk\source\repos\ConsoleApplication2\ConsoleApplication2\ConsoleApplication2.cpp(56,17): error C2146: błąd składniowy: brakuje „;” przed identyfikatorem „clflushopt”
C:\Users\Bucyk\source\repos\ConsoleApplication2\ConsoleApplication2\ConsoleApplication2.cpp(56,17): error C2065: "clflushopt": niezadeklarowany identyfikator
C:\Users\Bucyk\source\repos\ConsoleApplication2\ConsoleApplication2\ConsoleApplication2.cpp(56,28): error C2065: "eax": niezadeklarowany identyfikator
C:\Users\Bucyk\source\repos\ConsoleApplication2\ConsoleApplication2\ConsoleApplication2.cpp(58,17): error C2146: błąd składniowy: brakuje „;” przed identyfikatorem „mov”
C:\Users\Bucyk\source\repos\ConsoleApplication2\ConsoleApplication2\ConsoleApplication2.cpp(58,17): error C2065: "mov": niezadeklarowany identyfikator
C:\Users\Bucyk\source\repos\ConsoleApplication2\ConsoleApplication2\ConsoleApplication2.cpp(58,21): error C2146: błąd składniowy: brakuje „;” przed identyfikatorem „eax”
C:\Users\Bucyk\source\repos\ConsoleApplication2\ConsoleApplication2\ConsoleApplication2.cpp(58,21): error C2065: "eax": niezadeklarowany identyfikator
C:\Users\Bucyk\source\repos\ConsoleApplication2\ConsoleApplication2\ConsoleApplication2.cpp(59,17): error C2146: błąd składniowy: brakuje „;” przed identyfikatorem „clflushopt”
C:\Users\Bucyk\source\repos\ConsoleApplication2\ConsoleApplication2\ConsoleApplication2.cpp(59,17): error C2065: "clflushopt": niezadeklarowany identyfikator
C:\Users\Bucyk\source\repos\ConsoleApplication2\ConsoleApplication2\ConsoleApplication2.cpp(59,28): error C2065: "eax": niezadeklarowany identyfikator
C:\Users\Bucyk\source\repos\ConsoleApplication2\ConsoleApplication2\ConsoleApplication2.cpp(61,17): error C2146: błąd składniowy: brakuje „;” przed identyfikatorem „mfence”
C:\Users\Bucyk\source\repos\ConsoleApplication2\ConsoleApplication2\ConsoleApplication2.cpp(61,17): error C2065: "mfence": niezadeklarowany identyfikator
C:\Users\Bucyk\source\repos\ConsoleApplication2\ConsoleApplication2\ConsoleApplication2.cpp(62,13): error C2143: błąd składniowy: brakuje „;” przed „}”
C:\Users\Bucyk\source\repos\ConsoleApplication2\ConsoleApplication2\ConsoleApplication2.cpp(66,13): error C4235: użyto niestandardowego rozszerzenia: słowo kluczowe „__asm” nie jest obsługiwane w tej architekturze
C:\Users\Bucyk\source\repos\ConsoleApplication2\ConsoleApplication2\ConsoleApplication2.cpp(67,17): error C2065: "mov": niezadeklarowany identyfikator
C:\Users\Bucyk\source\repos\ConsoleApplication2\ConsoleApplication2\ConsoleApplication2.cpp(67,21): error C2146: błąd składniowy: brakuje „;” przed identyfikatorem „eax”
C:\Users\Bucyk\source\repos\ConsoleApplication2\ConsoleApplication2\ConsoleApplication2.cpp(67,21): error C2065: "eax": niezadeklarowany identyfikator
C:\Users\Bucyk\source\repos\ConsoleApplication2\ConsoleApplication2\ConsoleApplication2.cpp(68,17): error C2760: błąd składniowy: element „clflush” był nieoczekiwany w tym miejscu; oczekiwano elementu „{”
C:\Users\Bucyk\source\repos\ConsoleApplication2\ConsoleApplication2\ConsoleApplication2.cpp(70,17): error C2760: błąd składniowy: element „mov” był nieoczekiwany w tym miejscu; oczekiwano elementu „{”
C:\Users\Bucyk\source\repos\ConsoleApplication2\ConsoleApplication2\ConsoleApplication2.cpp(70,21): error C2065: "eax": niezadeklarowany identyfikator
C:\Users\Bucyk\source\repos\ConsoleApplication2\ConsoleApplication2\ConsoleApplication2.cpp(71,17): error C2760: błąd składniowy: element „clflush” był nieoczekiwany w tym miejscu; oczekiwano elementu „{”
C:\Users\Bucyk\source\repos\ConsoleApplication2\ConsoleApplication2\ConsoleApplication2.cpp(73,17): error C2760: błąd składniowy: element „mov” był nieoczekiwany w tym miejscu; oczekiwano elementu „{”
C:\Users\Bucyk\source\repos\ConsoleApplication2\ConsoleApplication2\ConsoleApplication2.cpp(73,21): error C2065: "eax": niezadeklarowany identyfikator
C:\Users\Bucyk\source\repos\ConsoleApplication2\ConsoleApplication2\ConsoleApplication2.cpp(74,17): error C2760: błąd składniowy: element „clflush” był nieoczekiwany w tym miejscu; oczekiwano elementu „{”
C:\Users\Bucyk\source\repos\ConsoleApplication2\ConsoleApplication2\ConsoleApplication2.cpp(76,17): error C2760: błąd składniowy: element „mfence” był nieoczekiwany w tym miejscu; oczekiwano elementu „{”
C:\Users\Bucyk\source\repos\ConsoleApplication2\ConsoleApplication2\ConsoleApplication2.cpp(77,13): error C2059: błąd składniowy: „}”
C:\Users\Bucyk\source\repos\ConsoleApplication2\ConsoleApplication2\ConsoleApplication2.cpp(81,13): error C4235: użyto niestandardowego rozszerzenia: słowo kluczowe „__asm” nie jest obsługiwane w tej architekturze
C:\Users\Bucyk\source\repos\ConsoleApplication2\ConsoleApplication2\ConsoleApplication2.cpp(82,21): error C2065: "esi": niezadeklarowany identyfikator
C:\Users\Bucyk\source\repos\ConsoleApplication2\ConsoleApplication2\ConsoleApplication2.cpp(82,24): error C3192: błąd składniowy: „^” nie jest operatorem prefiksowym; czy chodziło o „*”?
C:\Users\Bucyk\source\repos\ConsoleApplication2\ConsoleApplication2\ConsoleApplication2.cpp(82,26): error C2065: "esi": niezadeklarowany identyfikator
C:\Users\Bucyk\source\repos\ConsoleApplication2\ConsoleApplication2\ConsoleApplication2.cpp(83,17): error C2146: błąd składniowy: brakuje „;” przed identyfikatorem „mov”
C:\Users\Bucyk\source\repos\ConsoleApplication2\ConsoleApplication2\ConsoleApplication2.cpp(83,17): error C2065: "mov": niezadeklarowany identyfikator
C:\Users\Bucyk\source\repos\ConsoleApplication2\ConsoleApplication2\ConsoleApplication2.cpp(83,21): error C2146: błąd składniowy: brakuje „;” przed identyfikatorem „esi”
C:\Users\Bucyk\source\repos\ConsoleApplication2\ConsoleApplication2\ConsoleApplication2.cpp(83,21): error C2065: "esi": niezadeklarowany identyfikator
C:\Users\Bucyk\source\repos\ConsoleApplication2\ConsoleApplication2\ConsoleApplication2.cpp(84,17): error C2146: błąd składniowy: brakuje „;” przed identyfikatorem „mov”
C:\Users\Bucyk\source\repos\ConsoleApplication2\ConsoleApplication2\ConsoleApplication2.cpp(84,17): error C2065: "mov": niezadeklarowany identyfikator
C:\Users\Bucyk\source\repos\ConsoleApplication2\ConsoleApplication2\ConsoleApplication2.cpp(84,21): error C2146: błąd składniowy: brakuje „;” przed identyfikatorem „edx”
C:\Users\Bucyk\source\repos\ConsoleApplication2\ConsoleApplication2\ConsoleApplication2.cpp(84,21): error C2065: "edx": niezadeklarowany identyfikator
C:\Users\Bucyk\source\repos\ConsoleApplication2\ConsoleApplication2\ConsoleApplication2.cpp(87,17): error C2146: błąd składniowy: brakuje „;” przed identyfikatorem „codeuno”
C:\Users\Bucyk\source\repos\ConsoleApplication2\ConsoleApplication2\ConsoleApplication2.cpp(88,17): error C2065: "mov": niezadeklarowany identyfikator
C:\Users\Bucyk\source\repos\ConsoleApplication2\ConsoleApplication2\ConsoleApplication2.cpp(88,21): error C2146: błąd składniowy: brakuje „;” przed identyfikatorem „eax”
C:\Users\Bucyk\source\repos\ConsoleApplication2\ConsoleApplication2\ConsoleApplication2.cpp(88,21): error C2065: "eax": niezadeklarowany identyfikator
C:\Users\Bucyk\source\repos\ConsoleApplication2\ConsoleApplication2\ConsoleApplication2.cpp(89,17): error C2760: błąd składniowy: element „sub” był nieoczekiwany w tym miejscu; oczekiwano elementu „{”
C:\Users\Bucyk\source\repos\ConsoleApplication2\ConsoleApplication2\ConsoleApplication2.cpp(89,21): error C2065: "eax": niezadeklarowany identyfikator
C:\Users\Bucyk\source\repos\ConsoleApplication2\ConsoleApplication2\ConsoleApplication2.cpp(90,17): error C2146: błąd składniowy: brakuje „,” przed identyfikatorem „add”
C:\Users\Bucyk\source\repos\ConsoleApplication2\ConsoleApplication2\ConsoleApplication2.cpp(119,13): error C4235: użyto niestandardowego rozszerzenia: słowo kluczowe „__asm” nie jest obsługiwane w tej architekturze
C:\Users\Bucyk\source\repos\ConsoleApplication2\ConsoleApplication2\ConsoleApplication2.cpp(120,17): error C2065: "mov": niezadeklarowany identyfikator
C:\Users\Bucyk\source\repos\ConsoleApplication2\ConsoleApplication2\ConsoleApplication2.cpp(120,21): error C2146: błąd składniowy: brakuje „;” przed identyfikatorem „ecx”
C:\Users\Bucyk\source\repos\ConsoleApplication2\ConsoleApplication2\ConsoleApplication2.cpp(120,21): error C2065: "ecx": niezadeklarowany identyfikator
C:\Users\Bucyk\source\repos\ConsoleApplication2\ConsoleApplication2\ConsoleApplication2.cpp(121,17): error C2146: błąd składniowy: brakuje „;” przed identyfikatorem „code”
C:\Users\Bucyk\source\repos\ConsoleApplication2\ConsoleApplication2\ConsoleApplication2.cpp(122,21): error C2065: "mov": niezadeklarowany identyfikator
C:\Users\Bucyk\source\repos\ConsoleApplication2\ConsoleApplication2\ConsoleApplication2.cpp(122,25): error C2146: błąd składniowy: brakuje „;” przed identyfikatorem „eax”
C:\Users\Bucyk\source\repos\ConsoleApplication2\ConsoleApplication2\ConsoleApplication2.cpp(122,25): error C2065: "eax": niezadeklarowany identyfikator
C:\Users\Bucyk\source\repos\ConsoleApplication2\ConsoleApplication2\ConsoleApplication2.cpp(123,21): error C2760: błąd składniowy: element „mov” był nieoczekiwany w tym miejscu; oczekiwano elementu „{”
C:\Users\Bucyk\source\repos\ConsoleApplication2\ConsoleApplication2\ConsoleApplication2.cpp(123,25): error C2065: "ebx": niezadeklarowany identyfikator
C:\Users\Bucyk\source\repos\ConsoleApplication2\ConsoleApplication2\ConsoleApplication2.cpp(124,21): error C2760: błąd składniowy: element „clflush” był nieoczekiwany w tym miejscu; oczekiwano elementu „{”
C:\Users\Bucyk\source\repos\ConsoleApplication2\ConsoleApplication2\ConsoleApplication2.cpp(125,21): error C2760: błąd składniowy: element „clflush” był nieoczekiwany w tym miejscu; oczekiwano elementu „{”
C:\Users\Bucyk\source\repos\ConsoleApplication2\ConsoleApplication2\ConsoleApplication2.cpp(126,21): error C2760: błąd składniowy: element „mfence” był nieoczekiwany w tym miejscu; oczekiwano elementu „{”
C:\Users\Bucyk\source\repos\ConsoleApplication2\ConsoleApplication2\ConsoleApplication2.cpp(127,25): error C2146: błąd składniowy: brakuje „,” przed identyfikatorem „ecx”
C:\Users\Bucyk\source\repos\ConsoleApplication2\ConsoleApplication2\ConsoleApplication2.cpp(137,13): error C4235: użyto niestandardowego rozszerzenia: słowo kluczowe „__asm” nie jest obsługiwane w tej architekturze
C:\Users\Bucyk\source\repos\ConsoleApplication2\ConsoleApplication2\ConsoleApplication2.cpp(138,17): error C2065: "mov": niezadeklarowany identyfikator
C:\Users\Bucyk\source\repos\ConsoleApplication2\ConsoleApplication2\ConsoleApplication2.cpp(138,21): error C2146: błąd składniowy: brakuje „;” przed identyfikatorem „eax”
C:\Users\Bucyk\source\repos\ConsoleApplication2\ConsoleApplication2\ConsoleApplication2.cpp(138,21): error C2065: "eax": niezadeklarowany identyfikator
C:\Users\Bucyk\source\repos\ConsoleApplication2\ConsoleApplication2\ConsoleApplication2.cpp(139,17): error C2146: błąd składniowy: brakuje „;” przed identyfikatorem „mov”
C:\Users\Bucyk\source\repos\ConsoleApplication2\ConsoleApplication2\ConsoleApplication2.cpp(139,17): error C2065: "mov": niezadeklarowany identyfikator
C:\Users\Bucyk\source\repos\ConsoleApplication2\ConsoleApplication2\ConsoleApplication2.cpp(139,21): error C2146: błąd składniowy: brakuje „;” przed identyfikatorem „dword”
C:\Users\Bucyk\source\repos\ConsoleApplication2\ConsoleApplication2\ConsoleApplication2.cpp(139,21): error C2065: "dword": niezadeklarowany identyfikator
C:\Users\Bucyk\source\repos\ConsoleApplication2\ConsoleApplication2\ConsoleApplication2.cpp(139,27): error C2146: błąd składniowy: brakuje „;” przed identyfikatorem „ptr”
C:\Users\Bucyk\source\repos\ConsoleApplication2\ConsoleApplication2\ConsoleApplication2.cpp(139,27): error C2065: "ptr": niezadeklarowany identyfikator
C:\Users\Bucyk\source\repos\ConsoleApplication2\ConsoleApplication2\ConsoleApplication2.cpp(139,31): error C2065: "eax": niezadeklarowany identyfikator
C:\Users\Bucyk\source\repos\ConsoleApplication2\ConsoleApplication2\ConsoleApplication2.cpp(141,17): error C2146: błąd składniowy: brakuje „;” przed identyfikatorem „mov”
C:\Users\Bucyk\source\repos\ConsoleApplication2\ConsoleApplication2\ConsoleApplication2.cpp(141,17): error C2065: "mov": niezadeklarowany identyfikator
C:\Users\Bucyk\source\repos\ConsoleApplication2\ConsoleApplication2\ConsoleApplication2.cpp(141,21): error C2146: błąd składniowy: brakuje „;” przed identyfikatorem „eax”
C:\Users\Bucyk\source\repos\ConsoleApplication2\ConsoleApplication2\ConsoleApplication2.cpp(141,21): error C2065: "eax": niezadeklarowany identyfikator
C:\Users\Bucyk\source\repos\ConsoleApplication2\ConsoleApplication2\ConsoleApplication2.cpp(142,17): error C2146: błąd składniowy: brakuje „;” przed identyfikatorem „mov”
C:\Users\Bucyk\source\repos\ConsoleApplication2\ConsoleApplication2\ConsoleApplication2.cpp(142,17): error C2065: "mov": niezadeklarowany identyfikator
C:\Users\Bucyk\source\repos\ConsoleApplication2\ConsoleApplication2\ConsoleApplication2.cpp(142,21): error C2146: błąd składniowy: brakuje „;” przed identyfikatorem „dword”
C:\Users\Bucyk\source\repos\ConsoleApplication2\ConsoleApplication2\ConsoleApplication2.cpp(142,21): error C2065: "dword": niezadeklarowany identyfikator
C:\Users\Bucyk\source\repos\ConsoleApplication2\ConsoleApplication2\ConsoleApplication2.cpp(142,27): error C2146: błąd składniowy: brakuje „;” przed identyfikatorem „ptr”
C:\Users\Bucyk\source\repos\ConsoleApplication2\ConsoleApplication2\ConsoleApplication2.cpp(142,27): error C2065: "ptr": niezadeklarowany identyfikator
C:\Users\Bucyk\source\repos\ConsoleApplication2\ConsoleApplication2\ConsoleApplication2.cpp(142,31): error C2065: "eax": niezadeklarowany identyfikator
C:\Users\Bucyk\source\repos\ConsoleApplication2\ConsoleApplication2\ConsoleApplication2.cpp(143,17): error C2146: błąd składniowy: brakuje „;” przed identyfikatorem „mfence”
C:\Users\Bucyk\source\repos\ConsoleApplication2\ConsoleApplication2\ConsoleApplication2.cpp(143,17): error C2065: "mfence": niezadeklarowany identyfikator
C:\Users\Bucyk\source\repos\ConsoleApplication2\ConsoleApplication2\ConsoleApplication2.cpp(144,13): error C2143: błąd składniowy: brakuje „;” przed „}”
C:\Users\Bucyk\source\repos\ConsoleApplication2\ConsoleApplication2\ConsoleApplication2.cpp(148,13): error C4235: użyto niestandardowego rozszerzenia: słowo kluczowe „__asm” nie jest obsługiwane w tej architekturze
C:\Users\Bucyk\source\repos\ConsoleApplication2\ConsoleApplication2\ConsoleApplication2.cpp(149,17): error C2065: "movnti": niezadeklarowany identyfikator
C:\Users\Bucyk\source\repos\ConsoleApplication2\ConsoleApplication2\ConsoleApplication2.cpp(149,32): error C2065: "eax": niezadeklarowany identyfikator
C:\Users\Bucyk\source\repos\ConsoleApplication2\ConsoleApplication2\ConsoleApplication2.cpp(150,17): error C2146: błąd składniowy: brakuje „;” przed identyfikatorem „mov”
C:\Users\Bucyk\source\repos\ConsoleApplication2\ConsoleApplication2\ConsoleApplication2.cpp(150,17): error C2065: "mov": niezadeklarowany identyfikator
C:\Users\Bucyk\source\repos\ConsoleApplication2\ConsoleApplication2\ConsoleApplication2.cpp(150,21): error C2146: błąd składniowy: brakuje „;” przed identyfikatorem „eax”
C:\Users\Bucyk\source\repos\ConsoleApplication2\ConsoleApplication2\ConsoleApplication2.cpp(150,21): error C2065: "eax": niezadeklarowany identyfikator
C:\Users\Bucyk\source\repos\ConsoleApplication2\ConsoleApplication2\ConsoleApplication2.cpp(152,17): error C2760: błąd składniowy: element „movnti” był nieoczekiwany w tym miejscu; oczekiwano elementu „{”
C:\Users\Bucyk\source\repos\ConsoleApplication2\ConsoleApplication2\ConsoleApplication2.cpp(152,30): error C2760: błąd składniowy: element „,” był nieoczekiwany w tym miejscu; oczekiwano elementu „{”
C:\Users\Bucyk\source\repos\ConsoleApplication2\ConsoleApplication2\ConsoleApplication2.cpp(152,32): error C2065: "eax": niezadeklarowany identyfikator
C:\Users\Bucyk\source\repos\ConsoleApplication2\ConsoleApplication2\ConsoleApplication2.cpp(153,17): error C2146: błąd składniowy: brakuje „,” przed identyfikatorem „mov”
